0 info it worked if it ends with ok
1 verbose cli [ '/usr/local/bin/node', '/usr/local/bin/npm', 'run', 'eslint' ]
2 info using npm@3.10.3
3 info using node@v6.6.0
4 verbose run-script [ 'preeslint', 'eslint', 'posteslint' ]
5 info lifecycle toms-react-boilerplate@1.0.0~preeslint: toms-react-boilerplate@1.0.0
6 silly lifecycle toms-react-boilerplate@1.0.0~preeslint: no script for preeslint, continuing
7 info lifecycle toms-react-boilerplate@1.0.0~eslint: toms-react-boilerplate@1.0.0
8 verbose lifecycle toms-react-boilerplate@1.0.0~eslint: unsafe-perm in lifecycle true
9 verbose lifecycle toms-react-boilerplate@1.0.0~eslint: PATH: /usr/local/lib/node_modules/npm/bin/node-gyp-bin:/Users/tpeduto/Sites/snorecast/node_modules/.bin:/usr/local/bin:/usr/bin:/bin:/usr/sbin:/sbin:/usr/local/bin:/Users/tpeduto/apache-maven-3.3.9/bin:/usr/local/mongodb/bin:/Users/tpeduto/npm/bin
10 verbose lifecycle toms-react-boilerplate@1.0.0~eslint: CWD: /Users/tpeduto/Sites/snorecast
11 silly lifecycle toms-react-boilerplate@1.0.0~eslint: Args: [ '-c',
11 silly lifecycle   './node_modules/eslint/bin/eslint.js {app,style,test}/**/*.js*' ]
12 silly lifecycle toms-react-boilerplate@1.0.0~eslint: Returned: code: 1  signal: null
13 info lifecycle toms-react-boilerplate@1.0.0~eslint: Failed to exec eslint script
14 verbose stack Error: toms-react-boilerplate@1.0.0 eslint: `./node_modules/eslint/bin/eslint.js {app,style,test}/**/*.js*`
14 verbose stack Exit status 1
14 verbose stack     at EventEmitter.<anonymous> (/usr/local/lib/node_modules/npm/lib/utils/lifecycle.js:242:16)
14 verbose stack     at emitTwo (events.js:106:13)
14 verbose stack     at EventEmitter.emit (events.js:191:7)
14 verbose stack     at ChildProcess.<anonymous> (/usr/local/lib/node_modules/npm/lib/utils/spawn.js:40:14)
14 verbose stack     at emitTwo (events.js:106:13)
14 verbose stack     at ChildProcess.emit (events.js:191:7)
14 verbose stack     at maybeClose (internal/child_process.js:877:16)
14 verbose stack     at Process.ChildProcess._handle.onexit (internal/child_process.js:226:5)
15 verbose pkgid toms-react-boilerplate@1.0.0
16 verbose cwd /Users/tpeduto/Sites/snorecast
17 error Darwin 13.4.0
18 error argv "/usr/local/bin/node" "/usr/local/bin/npm" "run" "eslint"
19 error node v6.6.0
20 error npm  v3.10.3
21 error code ELIFECYCLE
22 error toms-react-boilerplate@1.0.0 eslint: `./node_modules/eslint/bin/eslint.js {app,style,test}/**/*.js*`
22 error Exit status 1
23 error Failed at the toms-react-boilerplate@1.0.0 eslint script './node_modules/eslint/bin/eslint.js {app,style,test}/**/*.js*'.
23 error Make sure you have the latest version of node.js and npm installed.
23 error If you do, this is most likely a problem with the toms-react-boilerplate package,
23 error not with npm itself.
23 error Tell the author that this fails on your system:
23 error     ./node_modules/eslint/bin/eslint.js {app,style,test}/**/*.js*
23 error You can get information on how to open an issue for this project with:
23 error     npm bugs toms-react-boilerplate
23 error Or if that isn't available, you can get their info via:
23 error     npm owner ls toms-react-boilerplate
23 error There is likely additional logging output above.
24 verbose exit [ 1, true ]
